<?xml version="1.0" encoding="UTF-8"?>
<beans xmlns="http://www.springframework.org/schema/beans"
    xmlns:context="http://www.springframework.org/schema/context"
    xmlns:xsi="http://www.w3.org/2001/XMLSchema-instance" xmlns:jdbc="http://www.springframework.org/schema/jdbc"
    xmlns:tx="http://www.springframework.org/schema/tx" xmlns:jpa="http://www.springframework.org/schema/data/jpa"
    xsi:schemaLocation=
    "http://www.springframework.org/schema/beans http://www.springframework.org/schema/beans/spring-beans.xsd
    http://www.springframework.org/schema/jdbc   http://www.springframework.org/schema/jdbc/spring-jdbc.xsd
    http://www.springframework.org/schema/tx http://www.springframework.org/schema/tx/spring-tx.xsd
    http://www.springframework.org/schema/data/jpa  http://www.springframework.org/schema/data/jpa/spring-jpa.xsd
    http://www.springframework.org/schema/context  http://www.springframework.org/schema/context/spring-context.xsd">

    <context:component-scan base-package="es.capape" />


    <jpa:repositories base-package="es.capape"
        entity-manager-factory-ref="testEntityManagerFactory"
        transaction-manager-ref="testTransactionManager" />

    <jdbc:embedded-database id="testDataSource"
        type="HSQL">
    </jdbc:embedded-database>




    <bean id="testEntityManagerFactory"
        class="org.springframework.orm.jpa.LocalContainerEntityManagerFactoryBean">
        <property name="packagesToScan" value="es.capape" />
        <property name="dataSource" ref="testDataSource" />

        <property name="jpaProperties">
            <props>
                <prop key="hibernate.show_sql">true</prop>
                <prop key="hibernate.hbm2ddl.auto">create-drop</prop>
                <prop key="hibernate.dialect">org.hibernate.dialect.HSQLDialect</prop>
            </props>
        </property>
        <property name="jpaVendorAdapter">
            <bean class="org.springframework.orm.jpa.vendor.HibernateJpaVendorAdapter" />
        </property>
    </bean>



    <bean id="testTransactionManager" class="org.springframework.orm.jpa.JpaTransactionManager">
        <property name="entityManagerFactory" ref="testEntityManagerFactory" />
        <property name="dataSource" ref="testDataSource" />
    </bean>

    <tx:annotation-driven  transaction-manager="testTransactionManager"/>

</beans>